<?xml version="1.0" encoding="UTF-8"?>
<!-- Generated by org.testng.reporters.JUnitReportReporter -->
<testsuite hostname="soc-5CG21221ZG" failures="0" tests="1" name="TestRunner.FaildRunner$CucumberTest" time="158.341" errors="0" timestamp="2024-09-05T18:09:53 IST" skipped="0">
  <testcase classname="TestRunner.FaildRunner$CucumberTest" name="runScenario" time="158.341"/>
</testsuite> <!-- TestRunner.FaildRunner$CucumberTest -->
